Using pre-set license
Built from '2020.3/staging' branch; Version is '2020.3.18f1 (a7d1c678663c) revision 10998214'; Using compiler version '192528614'; Build Type 'Release'
OS: 'Windows 10 Pro; OS build 19043.1586; Version 2009; 64bit' Language: 'en' Physical Memory: 8107 MB
BatchMode: 1, IsHumanControllingUs: 0, StartBugReporterOnCrash: 0, Is64bit: 1, IsPro: 0

COMMAND LINE ARGUMENTS:
D:\2020.3.18f1\Editor\Unity.exe
-adb2
-batchMode
-noUpm
-name
AssetImportWorker0
-projectPath
C:/Users/HP/OneDrive/Desktop/Graduation Project/unityWithKinect
-logFile
Logs/AssetImportWorker0.log
-srvPort
49172
Successfully changed project path to: C:/Users/HP/OneDrive/Desktop/Graduation Project/unityWithKinect
C:/Users/HP/OneDrive/Desktop/Graduation Project/unityWithKinect
Using Asset Import Pipeline V2.
Refreshing native plugins compatible for Editor in 82.55 ms, found 3 plugins.
Preloading 0 native plugins for Editor in 0.00 ms.
Initialize engine version: 2020.3.18f1 (a7d1c678663c)
[Subsystems] Discovering subsystems at path D:/2020.3.18f1/Editor/Data/Resources/UnitySubsystems
[Subsystems] Discovering subsystems at path C:/Users/HP/OneDrive/Desktop/Graduation Project/unityWithKinect/Assets
GfxDevice: creating device client; threaded=0
Direct3D:
    Version:  Direct3D 11.0 [level 11.0]
    Renderer: NVIDIA GeForce MX130 (ID=0x174d)
    Vendor:   
    VRAM:     4055 MB
    Driver:   30.0.14.9733
Initialize mono
Mono path[0] = 'D:/2020.3.18f1/Editor/Data/Managed'
Mono path[1] = 'D:/2020.3.18f1/Editor/Data/MonoBleedingEdge/lib/mono/unityjit'
Mono config path = 'D:/2020.3.18f1/Editor/Data/MonoBleedingEdge/etc'
Using monoOptions --debugger-agent=transport=dt_socket,embedding=1,server=y,suspend=n,address=127.0.0.1:56540
Begin MonoManager ReloadAssembly
Registering precompiled unity dll's ...
Register platform support module: D:/2020.3.18f1/Editor/Data/PlaybackEngines/WebGLSupport/UnityEditor.WebGL.Extensions.dll
Register platform support module: D:/2020.3.18f1/Editor/Data/PlaybackEngines/MacStandaloneSupport/UnityEditor.OSXStandalone.Extensions.dll
Register platform support module: D:/2020.3.18f1/Editor/Data/PlaybackEngines/WindowsStandaloneSupport/UnityEditor.WindowsStandalone.Extensions.dll
Registered in 0.016873 seconds.
Native extension for WindowsStandalone target not found
Native extension for OSXStandalone target not found
Native extension for WebGL target not found
Refreshing native plugins compatible for Editor in 88.98 ms, found 3 plugins.
Preloading 0 native plugins for Editor in 0.00 ms.
Mono: successfully reloaded assembly
- Completed reload, in  8.615 seconds
Domain Reload Profiling:
	ReloadAssembly (8615ms)
		BeginReloadAssembly (338ms)
			ExecutionOrderSort (0ms)
			DisableScriptedObjects (0ms)
			BackupInstance (0ms)
			ReleaseScriptingObjects (0ms)
			CreateAndSetChildDomain (5ms)
		EndReloadAssembly (1215ms)
			LoadAssemblies (325ms)
			RebuildTransferFunctionScriptingTraits (2ms)
			SetupTypeCache (443ms)
			ReleaseScriptCaches (0ms)
			RebuildScriptCaches (89ms)
			SetupLoadedEditorAssemblies (500ms)
				LogAssemblyErrors (0ms)
				InitializePlatformSupportModulesInManaged (14ms)
				SetLoadedEditorAssemblies (0ms)
				RefreshPlugins (89ms)
				BeforeProcessingInitializeOnLoad (69ms)
				ProcessInitializeOnLoadAttributes (242ms)
				ProcessInitializeOnLoadMethodAttributes (85ms)
				AfterProcessingInitializeOnLoad (0ms)
				EditorAssembliesLoaded (0ms)
			ExecutionOrderSort2 (0ms)
			AwakeInstancesAfterBackupRestoration (0ms)
Platform modules already initialized, skipping
Registering precompiled user dll's ...
Registered in 0.026773 seconds.
Begin MonoManager ReloadAssembly
Native extension for WindowsStandalone target not found
Native extension for OSXStandalone target not found
Native extension for WebGL target not found
Refreshing native plugins compatible for Editor in 1.06 ms, found 3 plugins.
Preloading 0 native plugins for Editor in 0.00 ms.
Mono: successfully reloaded assembly
- Completed reload, in  4.770 seconds
Domain Reload Profiling:
	ReloadAssembly (4802ms)
		BeginReloadAssembly (532ms)
			ExecutionOrderSort (0ms)
			DisableScriptedObjects (13ms)
			BackupInstance (0ms)
			ReleaseScriptingObjects (0ms)
			CreateAndSetChildDomain (50ms)
		EndReloadAssembly (4037ms)
			LoadAssemblies (427ms)
			RebuildTransferFunctionScriptingTraits (0ms)
			SetupTypeCache (855ms)
			ReleaseScriptCaches (1ms)
			RebuildScriptCaches (134ms)
			SetupLoadedEditorAssemblies (2471ms)
				LogAssemblyErrors (0ms)
				InitializePlatformSupportModulesInManaged (19ms)
				SetLoadedEditorAssemblies (1ms)
				RefreshPlugins (1ms)
				BeforeProcessingInitializeOnLoad (244ms)
				ProcessInitializeOnLoadAttributes (2165ms)
				ProcessInitializeOnLoadMethodAttributes (8ms)
				AfterProcessingInitializeOnLoad (33ms)
				EditorAssembliesLoaded (1ms)
			ExecutionOrderSort2 (0ms)
			AwakeInstancesAfterBackupRestoration (20ms)
Platform modules already initialized, skipping
========================================================================
Worker process is ready to serve import requests
Launched and connected shader compiler UnityShaderCompiler.exe after 0.17 seconds
Refreshing native plugins compatible for Editor in 0.85 ms, found 3 plugins.
Preloading 0 native plugins for Editor in 0.00 ms.
Unloading 1953 Unused Serialized files (Serialized files now loaded: 0)
System memory in use before: 104.9 MB.
System memory in use after: 105.0 MB.

Unloading 20 unused Assets to reduce memory usage. Loaded Objects now: 2411.
Total: 11.372200 ms (FindLiveObjects: 0.966300 ms CreateObjectMapping: 0.373600 ms MarkObjects: 9.341200 ms  DeleteObjects: 0.688700 ms)

AssetImportParameters requested are different than current active one (requested -> active):
  custom:framework-win-MediaFoundation: 216162199b28c13a410421893ffa2e32 -> 
  custom:video-decoder-ogg-theora: a1e56fd34408186e4bbccfd4996cb3dc -> 
  custom:container-muxer-webm: aa71ff27fc2769a1b78a27578f13a17b -> 
  custom:container-demuxer-webm: 4f35f7cbe854078d1ac9338744f61a02 -> 
  custom:container-demuxer-ogg: 62fdf1f143b41e24485cea50d1cbac27 -> 
  custom:video-encoder-webm-vp8: eb34c28f22e8b96e1ab97ce403110664 -> 
  custom:video-decoder-webm-vp8: 9c59270c3fd7afecdb556c50c9e8de78 -> 
  custom:audio-decoder-ogg-vorbis: bf7c407c2cedff20999df2af8eb42d56 -> 
  custom:audio-encoder-webm-vorbis: bf7c407c2cedff20999df2af8eb42d56 -> 
========================================================================
Received Import Request.
  path: Assets/Scateboard/Materials
  artifactKey: Guid(a7b337bd086e280449697d2832e305c0) Importer(815301076,1909f56bfc062723c751e8b465ee728b)
Start importing Assets/Scateboard/Materials using Guid(a7b337bd086e280449697d2832e305c0) Importer(815301076,1909f56bfc062723c751e8b465ee728b)  -> (artifact id: '46dc2bcc60ad8f25dcab02b55582bc74') in 0.029169 seconds 
  Import took 0.035211 seconds .

========================================================================
Received Import Request.
  Time since last request: 0.000425 seconds.
  path: Assets/Scateboard/Models/Whell.fbx
  artifactKey: Guid(a69349d019498374c9c964b0ca8591d2) Importer(815301076,1909f56bfc062723c751e8b465ee728b)
Start importing Assets/Scateboard/Models/Whell.fbx using Guid(a69349d019498374c9c964b0ca8591d2) Importer(815301076,1909f56bfc062723c751e8b465ee728b)  -> (artifact id: '320c632694d9513bea34dcf883d46e45') in 0.561136 seconds 
  Import took 0.570414 seconds .

========================================================================
Received Import Request.
  Time since last request: 0.000366 seconds.
  path: Assets/Scateboard/Prefabs/Scateboard 1.prefab
  artifactKey: Guid(11905513070e2f34e8cd7350fb0d8ce7) Importer(815301076,1909f56bfc062723c751e8b465ee728b)
Start importing Assets/Scateboard/Prefabs/Scateboard 1.prefab using Guid(11905513070e2f34e8cd7350fb0d8ce7) Importer(815301076,1909f56bfc062723c751e8b465ee728b)  -> (artifact id: 'b25a009e6e5124bc69e041e3119d98b3') in 0.128401 seconds 
  Import took 0.144410 seconds .

========================================================================
Received Import Request.
  Time since last request: 0.000217 seconds.
  path: Assets/Scateboard/Materials/Scateboard.mat
  artifactKey: Guid(db2fddbf2f6551749aed77971b0c4c03) Importer(815301076,1909f56bfc062723c751e8b465ee728b)
Start importing Assets/Scateboard/Materials/Scateboard.mat using Guid(db2fddbf2f6551749aed77971b0c4c03) Importer(815301076,1909f56bfc062723c751e8b465ee728b)  -> (artifact id: '3f3a04125a1cf5601754583afbfb131a') in 0.495864 seconds 
  Import took 0.505939 seconds .

========================================================================
Received Import Request.
  Time since last request: 0.000387 seconds.
  path: Assets/Scateboard/Models/Scateboard_Low.fbx
  artifactKey: Guid(7de81ed5488590541a3960e902e26308) Importer(815301076,1909f56bfc062723c751e8b465ee728b)
Start importing Assets/Scateboard/Models/Scateboard_Low.fbx using Guid(7de81ed5488590541a3960e902e26308) Importer(815301076,1909f56bfc062723c751e8b465ee728b)  -> (artifact id: '01447c087437bb861c9c9c7aff9055a8') in 0.052342 seconds 
  Import took 0.062713 seconds .

========================================================================
Received Import Request.
  Time since last request: 1364.869040 seconds.
  path: Assets/Scateboard/Models/Materials
  artifactKey: Guid(7e0da87bcdbca4848adfea09327166e8) Importer(815301076,1909f56bfc062723c751e8b465ee728b)
Start importing Assets/Scateboard/Models/Materials using Guid(7e0da87bcdbca4848adfea09327166e8) Importer(815301076,1909f56bfc062723c751e8b465ee728b)  -> (artifact id: '415e00c6bda68e4bd02f683d5b57640a') in 0.009574 seconds 
  Import took 0.017502 seconds .

========================================================================
Received Import Request.
  Time since last request: 0.054277 seconds.
  path: Assets/Scateboard/Models/Materials/Board.mat
  artifactKey: Guid(b951674d74c6de6468ad2c4c232e7a8b) Importer(815301076,1909f56bfc062723c751e8b465ee728b)
Start importing Assets/Scateboard/Models/Materials/Board.mat using Guid(b951674d74c6de6468ad2c4c232e7a8b) Importer(815301076,1909f56bfc062723c751e8b465ee728b)  -> (artifact id: '02e9c5355b6b71e0653af3417dbc187c') in 0.056396 seconds 
  Import took 0.061589 seconds .

========================================================================
Received Import Request.
  Time since last request: 144.661454 seconds.
  path: Assets/Photogrammetry stump/Model/Stump_LOD.obj
  artifactKey: Guid(0b01d5fdb7f16d04bb8a1e326eb1cdf9) Importer(815301076,1909f56bfc062723c751e8b465ee728b)
Start importing Assets/Photogrammetry stump/Model/Stump_LOD.obj using Guid(0b01d5fdb7f16d04bb8a1e326eb1cdf9) Importer(815301076,1909f56bfc062723c751e8b465ee728b)  -> (artifact id: '6dee37adc6722ff6abe3396d0ae1dc5f') in 0.366733 seconds 
  Import took 0.379031 seconds .

========================================================================
Received Import Request.
  Time since last request: 0.000771 seconds.
  path: Assets/Photogrammetry stump/Model/Stump_LOD.obj
  artifactKey: Guid(0b01d5fdb7f16d04bb8a1e326eb1cdf9) Importer(815301076,1909f56bfc062723c751e8b465ee728b)
Start importing Assets/Photogrammetry stump/Model/Stump_LOD.obj using Guid(0b01d5fdb7f16d04bb8a1e326eb1cdf9) Importer(815301076,1909f56bfc062723c751e8b465ee728b)  -> (artifact id: '6dee37adc6722ff6abe3396d0ae1dc5f') in 0.135566 seconds 
  Import took 0.146191 seconds .

========================================================================
Received Import Request.
  Time since last request: 257.284868 seconds.
  path: Assets/Scateboard/Models/Materials/Board.mat
  artifactKey: Guid(b951674d74c6de6468ad2c4c232e7a8b) Importer(815301076,1909f56bfc062723c751e8b465ee728b)
Start importing Assets/Scateboard/Models/Materials/Board.mat using Guid(b951674d74c6de6468ad2c4c232e7a8b) Importer(815301076,1909f56bfc062723c751e8b465ee728b)  -> (artifact id: 'c76d913029f68d054deb29b1e25a927f') in 0.024727 seconds 
  Import took 0.031865 seconds .

========================================================================
Received Import Request.
  Time since last request: 310.851514 seconds.
  path: Assets/Scateboard/Models/Materials/Whell.mat
  artifactKey: Guid(1ed4580e2d685f34996b52cd3be0f1c5) Importer(815301076,1909f56bfc062723c751e8b465ee728b)
Start importing Assets/Scateboard/Models/Materials/Whell.mat using Guid(1ed4580e2d685f34996b52cd3be0f1c5) Importer(815301076,1909f56bfc062723c751e8b465ee728b)  -> (artifact id: '04cd22a4b121182f32a3f3f484bc94c2') in 0.045300 seconds 
  Import took 0.053238 seconds .

========================================================================
Received Import Request.
  Time since last request: 35.320168 seconds.
  path: Assets/Scateboard/Models/Materials/Board 1.mat
  artifactKey: Guid(8aa556b6d4f210446a6655faed204f45) Importer(815301076,1909f56bfc062723c751e8b465ee728b)
Start importing Assets/Scateboard/Models/Materials/Board 1.mat using Guid(8aa556b6d4f210446a6655faed204f45) Importer(815301076,1909f56bfc062723c751e8b465ee728b)  -> (artifact id: '2d64c1861d3efff3b34201e5dbc69510') in 0.038496 seconds 
  Import took 0.050843 seconds .

========================================================================
Received Import Request.
  Time since last request: 0.003413 seconds.
  path: Assets/Scateboard/Models/Materials/Board 1.mat
  artifactKey: Guid(8aa556b6d4f210446a6655faed204f45) Importer(815301076,1909f56bfc062723c751e8b465ee728b)
Start importing Assets/Scateboard/Models/Materials/Board 1.mat using Guid(8aa556b6d4f210446a6655faed204f45) Importer(815301076,1909f56bfc062723c751e8b465ee728b)  -> (artifact id: '2d64c1861d3efff3b34201e5dbc69510') in 0.050695 seconds 
  Import took 0.064827 seconds .

========================================================================
Received Import Request.
  Time since last request: 471.336564 seconds.
  path: Assets/Scateboard/Textures
  artifactKey: Guid(4625cd35be0b6e74c9baf13c68b052b0) Importer(815301076,1909f56bfc062723c751e8b465ee728b)
Start importing Assets/Scateboard/Textures using Guid(4625cd35be0b6e74c9baf13c68b052b0) Importer(815301076,1909f56bfc062723c751e8b465ee728b)  -> (artifact id: '5c56bc517fa5d3622fb1382b84935caf') in 0.038805 seconds 
  Import took 0.058934 seconds .

========================================================================
Received Import Request.
  Time since last request: 1.386293 seconds.
  path: Assets/Scateboard/Textures/Scateboard
  artifactKey: Guid(30bb355a8c33c514e8efff4a3b7713ff) Importer(815301076,1909f56bfc062723c751e8b465ee728b)
Start importing Assets/Scateboard/Textures/Scateboard using Guid(30bb355a8c33c514e8efff4a3b7713ff) Importer(815301076,1909f56bfc062723c751e8b465ee728b)  -> (artifact id: 'b637732581a5d0d9ffec444be098edfa') in 0.008372 seconds 
  Import took 0.014692 seconds .

========================================================================
Received Import Request.
  Time since last request: 0.013427 seconds.
  path: Assets/Scateboard/Textures/Scateboard/Scateboard_Albedo.bmp
  artifactKey: Guid(03abceab6ae417e499a97a33159261a1) Importer(815301076,1909f56bfc062723c751e8b465ee728b)
Start importing Assets/Scateboard/Textures/Scateboard/Scateboard_Albedo.bmp using Guid(03abceab6ae417e499a97a33159261a1) Importer(815301076,1909f56bfc062723c751e8b465ee728b)  -> (artifact id: 'b2a01819a0e435ab6c7b98a78e4a14a5') in 0.266505 seconds 
  Import took 0.274896 seconds .

========================================================================
Received Import Request.
  Time since last request: 0.000552 seconds.
  path: Assets/Scateboard/Textures/Scateboard/Scateboard_Normal.bmp
  artifactKey: Guid(5a6e3e846a9e99146939194e5591ed78) Importer(815301076,1909f56bfc062723c751e8b465ee728b)
Start importing Assets/Scateboard/Textures/Scateboard/Scateboard_Normal.bmp using Guid(5a6e3e846a9e99146939194e5591ed78) Importer(815301076,1909f56bfc062723c751e8b465ee728b)  -> (artifact id: 'f80bca6adf685d5fbcd7c777d27fe8b6') in 0.060285 seconds 
  Import took 0.068184 seconds .

========================================================================
Received Import Request.
  Time since last request: 0.000404 seconds.
  path: Assets/Scateboard/Textures/Scateboard/Scateboard_MetallicSmoothness.bmp
  artifactKey: Guid(d2fb1996cc6f89a4da86886a42e67ed9) Importer(815301076,1909f56bfc062723c751e8b465ee728b)
Start importing Assets/Scateboard/Textures/Scateboard/Scateboard_MetallicSmoothness.bmp using Guid(d2fb1996cc6f89a4da86886a42e67ed9) Importer(815301076,1909f56bfc062723c751e8b465ee728b)  -> (artifact id: '30aec440146be6cf8ff23a2ad0491e5c') in 0.050490 seconds 
  Import took 0.058281 seconds .

========================================================================
Received Import Request.
  Time since last request: 0.000493 seconds.
  path: Assets/Scateboard/Textures/Scateboard/Scateboard_AO.bmp
  artifactKey: Guid(fd9361e1d77546d499e8d56029a5dcab) Importer(815301076,1909f56bfc062723c751e8b465ee728b)
Start importing Assets/Scateboard/Textures/Scateboard/Scateboard_AO.bmp using Guid(fd9361e1d77546d499e8d56029a5dcab) Importer(815301076,1909f56bfc062723c751e8b465ee728b)  -> (artifact id: '90ffea85451e696b29a96f5d058a5efc') in 0.043302 seconds 
  Import took 0.051429 seconds .

========================================================================
Received Import Request.
  Time since last request: 7.529665 seconds.
  path: Assets/Scateboard/Prefabs
  artifactKey: Guid(e9a2f70a3ce878f44826945111aef1c1) Importer(815301076,1909f56bfc062723c751e8b465ee728b)
Start importing Assets/Scateboard/Prefabs using Guid(e9a2f70a3ce878f44826945111aef1c1) Importer(815301076,1909f56bfc062723c751e8b465ee728b)  -> (artifact id: 'e3a6067cbbd3ce35e1c33688fd57d285') in 0.018448 seconds 
  Import took 0.024929 seconds .

========================================================================
Received Prepare
Registering precompiled user dll's ...
Registered in 0.011060 seconds.
Begin MonoManager ReloadAssembly
Native extension for WindowsStandalone target not found
Native extension for OSXStandalone target not found
Native extension for WebGL target not found
Refreshing native plugins compatible for Editor in 1.52 ms, found 3 plugins.
Preloading 0 native plugins for Editor in 0.00 ms.
Mono: successfully reloaded assembly
- Completed reload, in  3.987 seconds
Domain Reload Profiling:
	ReloadAssembly (3992ms)
		BeginReloadAssembly (737ms)
			ExecutionOrderSort (0ms)
			DisableScriptedObjects (39ms)
			BackupInstance (0ms)
			ReleaseScriptingObjects (0ms)
			CreateAndSetChildDomain (302ms)
		EndReloadAssembly (3072ms)
			LoadAssemblies (402ms)
			RebuildTransferFunctionScriptingTraits (0ms)
			SetupTypeCache (916ms)
			ReleaseScriptCaches (2ms)
			RebuildScriptCaches (183ms)
			SetupLoadedEditorAssemblies (1435ms)
				LogAssemblyErrors (0ms)
				InitializePlatformSupportModulesInManaged (19ms)
				SetLoadedEditorAssemblies (1ms)
				RefreshPlugins (2ms)
				BeforeProcessingInitializeOnLoad (233ms)
				ProcessInitializeOnLoadAttributes (1132ms)
				ProcessInitializeOnLoadMethodAttributes (10ms)
				AfterProcessingInitializeOnLoad (37ms)
				EditorAssembliesLoaded (1ms)
			ExecutionOrderSort2 (0ms)
			AwakeInstancesAfterBackupRestoration (17ms)
Platform modules already initialized, skipping
Refreshing native plugins compatible for Editor in 0.91 ms, found 3 plugins.
Preloading 0 native plugins for Editor in 0.00 ms.
Unloading 1932 Unused Serialized files (Serialized files now loaded: 0)
System memory in use before: 106.7 MB.
System memory in use after: 106.8 MB.

Unloading 15 unused Assets to reduce memory usage. Loaded Objects now: 2459.
Total: 7.444300 ms (FindLiveObjects: 0.468500 ms CreateObjectMapping: 0.278500 ms MarkObjects: 6.662500 ms  DeleteObjects: 0.032600 ms)

AssetImportParameters requested are different than current active one (requested -> active):
  custom:framework-win-MediaFoundation: 216162199b28c13a410421893ffa2e32 -> 
  custom:video-decoder-ogg-theora: a1e56fd34408186e4bbccfd4996cb3dc -> 
  custom:container-muxer-webm: aa71ff27fc2769a1b78a27578f13a17b -> 
  custom:container-demuxer-webm: 4f35f7cbe854078d1ac9338744f61a02 -> 
  custom:container-demuxer-ogg: 62fdf1f143b41e24485cea50d1cbac27 -> 
  custom:video-encoder-webm-vp8: eb34c28f22e8b96e1ab97ce403110664 -> 
  custom:video-decoder-webm-vp8: 9c59270c3fd7afecdb556c50c9e8de78 -> 
  custom:audio-decoder-ogg-vorbis: bf7c407c2cedff20999df2af8eb42d56 -> 
  custom:audio-encoder-webm-vorbis: bf7c407c2cedff20999df2af8eb42d56 -> 
========================================================================
Received Import Request.
  Time since last request: 299.554091 seconds.
  path: Assets/Script
  artifactKey: Guid(4e58a43219819ad4a8515b7cf5d989c3) Importer(815301076,1909f56bfc062723c751e8b465ee728b)
Start importing Assets/Script using Guid(4e58a43219819ad4a8515b7cf5d989c3) Importer(815301076,1909f56bfc062723c751e8b465ee728b)  -> (artifact id: 'b3c0f5e379282429520053b4b3bd6eb5') in 0.056061 seconds 
  Import took 0.066040 seconds .

========================================================================
Received Import Request.
  Time since last request: 334.587919 seconds.
  path: Assets/Scateboard/Materials/Scateboard.mat
  artifactKey: Guid(db2fddbf2f6551749aed77971b0c4c03) Importer(815301076,1909f56bfc062723c751e8b465ee728b)
Start importing Assets/Scateboard/Materials/Scateboard.mat using Guid(db2fddbf2f6551749aed77971b0c4c03) Importer(815301076,1909f56bfc062723c751e8b465ee728b)  -> (artifact id: '4d371dabb058d2c596082f254d1361c4') in 0.278031 seconds 
  Import took 0.290413 seconds .

========================================================================
Received Import Request.
  Time since last request: 112.516449 seconds.
  path: Assets/Photogrammetry stump/Terrain/sand_2.jpg
  artifactKey: Guid(35b7a022d2d93244eabf09188ccaeb0d) Importer(815301076,1909f56bfc062723c751e8b465ee728b)
Start importing Assets/Photogrammetry stump/Terrain/sand_2.jpg using Guid(35b7a022d2d93244eabf09188ccaeb0d) Importer(815301076,1909f56bfc062723c751e8b465ee728b)  -> (artifact id: '63e6881e63337504465263cda20ec6c5') in 0.098929 seconds 
  Import took 0.109460 seconds .

========================================================================
Received Import Request.
  Time since last request: 0.002217 seconds.
  path: Assets/Photogrammetry stump/Terrain/sand_2.jpg
  artifactKey: Guid(35b7a022d2d93244eabf09188ccaeb0d) Importer(815301076,1909f56bfc062723c751e8b465ee728b)
Start importing Assets/Photogrammetry stump/Terrain/sand_2.jpg using Guid(35b7a022d2d93244eabf09188ccaeb0d) Importer(815301076,1909f56bfc062723c751e8b465ee728b)  -> (artifact id: '63e6881e63337504465263cda20ec6c5') in 0.052798 seconds 
  Import took 0.061231 seconds .

========================================================================
Received Import Request.
  Time since last request: 4.546096 seconds.
  path: Assets/Photogrammetry stump/Terrain/New Terrain.asset
  artifactKey: Guid(52d0be1c6d7deb1439f86031844081fc) Importer(815301076,1909f56bfc062723c751e8b465ee728b)
Start importing Assets/Photogrammetry stump/Terrain/New Terrain.asset using Guid(52d0be1c6d7deb1439f86031844081fc) Importer(815301076,1909f56bfc062723c751e8b465ee728b)  -> (artifact id: '5d97e4013d5e3c1b9706e6ae5ebae117') in 0.101835 seconds 
  Import took 0.110950 seconds .

========================================================================
Received Import Request.
  Time since last request: 0.020466 seconds.
  path: Assets/Photogrammetry stump/Model/Stump_Albedo.png
  artifactKey: Guid(ce018c525ec7c4546822bdab1d225447) Importer(815301076,1909f56bfc062723c751e8b465ee728b)
Start importing Assets/Photogrammetry stump/Model/Stump_Albedo.png using Guid(ce018c525ec7c4546822bdab1d225447) Importer(815301076,1909f56bfc062723c751e8b465ee728b)  -> (artifact id: '3a87ca6a159327a32d9a8838d60ec68d') in 0.161285 seconds 
  Import took 0.168792 seconds .

========================================================================
Received Import Request.
  Time since last request: 0.000322 seconds.
  path: Assets/Photogrammetry stump/Model/Stump_Normal.png
  artifactKey: Guid(94b77e0398c5f9943927552aebe80b4d) Importer(815301076,1909f56bfc062723c751e8b465ee728b)
Start importing Assets/Photogrammetry stump/Model/Stump_Normal.png using Guid(94b77e0398c5f9943927552aebe80b4d) Importer(815301076,1909f56bfc062723c751e8b465ee728b)  -> (artifact id: 'd48b265c48960d36246acd1e26fa2072') in 0.150424 seconds 
  Import took 0.162133 seconds .

========================================================================
Received Import Request.
  Time since last request: 0.000274 seconds.
  path: Assets/Photogrammetry stump/Model/Stump_AO.png
  artifactKey: Guid(08ad1c82da2f2b44f83cc1c141a92b1d) Importer(815301076,1909f56bfc062723c751e8b465ee728b)
Start importing Assets/Photogrammetry stump/Model/Stump_AO.png using Guid(08ad1c82da2f2b44f83cc1c141a92b1d) Importer(815301076,1909f56bfc062723c751e8b465ee728b)  -> (artifact id: '74216be9233801c05562e3c1b11e04e1') in 0.086101 seconds 
  Import took 0.094241 seconds .

========================================================================
Received Import Request.
  Time since last request: 0.010171 seconds.
  path: Assets/Photogrammetry stump/Model/Stump_AO.png
  artifactKey: Guid(08ad1c82da2f2b44f83cc1c141a92b1d) Importer(815301076,1909f56bfc062723c751e8b465ee728b)
Start importing Assets/Photogrammetry stump/Model/Stump_AO.png using Guid(08ad1c82da2f2b44f83cc1c141a92b1d) Importer(815301076,1909f56bfc062723c751e8b465ee728b)  -> (artifact id: '74216be9233801c05562e3c1b11e04e1') in 0.048776 seconds 
  Import took 0.060589 seconds .

========================================================================
Received Import Request.
  Time since last request: 3.059465 seconds.
  path: Assets/TextMesh Pro/Examples & Extras/Fonts/Electronic Highway Sign.TTF
  artifactKey: Guid(8a2b9e2a607dd2143b58c44bc32410b4) Importer(815301076,1909f56bfc062723c751e8b465ee728b)
Start importing Assets/TextMesh Pro/Examples & Extras/Fonts/Electronic Highway Sign.TTF using Guid(8a2b9e2a607dd2143b58c44bc32410b4) Importer(815301076,1909f56bfc062723c751e8b465ee728b)  -> (artifact id: 'c8b1f05ff8f6fbfc3beeb8a5094ddca3') in 0.305285 seconds 
  Import took 0.315040 seconds .

========================================================================
Received Import Request.
  Time since last request: 0.106082 seconds.
  path: Assets/Fantasy Skybox FREE/Scenes/Brush_Flower.png
  artifactKey: Guid(0d383f0cd0395064eb4b64619b2840f3) Importer(815301076,1909f56bfc062723c751e8b465ee728b)
Start importing Assets/Fantasy Skybox FREE/Scenes/Brush_Flower.png using Guid(0d383f0cd0395064eb4b64619b2840f3) Importer(815301076,1909f56bfc062723c751e8b465ee728b)  -> (artifact id: '182fd8a21a6aec213002643f80470044') in 0.085914 seconds 
  Import took 0.095297 seconds .

========================================================================
Received Import Request.
  Time since last request: 0.182711 seconds.
  path: Assets/prefabs/boy/textures/Boy01_normal.jpg
  artifactKey: Guid(4689de908d05d4f47b499b1863b44e95) Importer(815301076,1909f56bfc062723c751e8b465ee728b)
Start importing Assets/prefabs/boy/textures/Boy01_normal.jpg using Guid(4689de908d05d4f47b499b1863b44e95) Importer(815301076,1909f56bfc062723c751e8b465ee728b)  -> (artifact id: 'b9413a76d013e9eb118215fe846b6133') in 0.072148 seconds 
  Import took 0.085814 seconds .

========================================================================
Received Import Request.
  Time since last request: 0.000347 seconds.
  path: Assets/prefabs/boy/textures/Boy01_spec.jpg
  artifactKey: Guid(99f2e20b020733241a0ec5b7ca80e831) Importer(815301076,1909f56bfc062723c751e8b465ee728b)
Start importing Assets/prefabs/boy/textures/Boy01_spec.jpg using Guid(99f2e20b020733241a0ec5b7ca80e831) Importer(815301076,1909f56bfc062723c751e8b465ee728b)  -> (artifact id: '9e9fd8faab3f6b7908dd4889a7578ceb') in 0.061780 seconds 
  Import took 0.069542 seconds .

========================================================================
Received Import Request.
  Time since last request: 0.000385 seconds.
  path: Assets/TextMesh Pro/Examples & Extras/Resources/Fonts & Materials/Bangers SDF.asset
  artifactKey: Guid(125cb55b44b24c4393181402bc6200e6) Importer(815301076,1909f56bfc062723c751e8b465ee728b)
Start importing Assets/TextMesh Pro/Examples & Extras/Resources/Fonts & Materials/Bangers SDF.asset using Guid(125cb55b44b24c4393181402bc6200e6) Importer(815301076,1909f56bfc062723c751e8b465ee728b)  -> (artifact id: 'ef29c4ca34d686f87dc8e17cf43b25fd') in 0.105773 seconds 
  Import took 0.118998 seconds .

========================================================================
Received Import Request.
  Time since last request: 0.000419 seconds.
  path: Assets/prefabs/boy/textures/Boy01_FacialAnimMap.png
  artifactKey: Guid(fa863ddcfbcb4c24d81d1f21a5e2c898) Importer(815301076,1909f56bfc062723c751e8b465ee728b)
Start importing Assets/prefabs/boy/textures/Boy01_FacialAnimMap.png using Guid(fa863ddcfbcb4c24d81d1f21a5e2c898) Importer(815301076,1909f56bfc062723c751e8b465ee728b)  -> (artifact id: '81d3a8c5d9c2641176e2bfb94d4d4070') in 0.052349 seconds 
  Import took 0.059807 seconds .

========================================================================
Received Import Request.
  Time since last request: 0.000382 seconds.
  path: Assets/prefabs/boy/textures/Boy01_diffuse.jpg
  artifactKey: Guid(a4ea89ae6219ccc42b3d136419edade7) Importer(815301076,1909f56bfc062723c751e8b465ee728b)
Start importing Assets/prefabs/boy/textures/Boy01_diffuse.jpg using Guid(a4ea89ae6219ccc42b3d136419edade7) Importer(815301076,1909f56bfc062723c751e8b465ee728b)  -> (artifact id: '68e163efa6d2bf16908ad582c5f64d17') in 0.038324 seconds 
  Import took 0.046472 seconds .

========================================================================
Received Import Request.
  Time since last request: 0.000354 seconds.
  path: Assets/FantasyEnvironments/Environments/Ambient-Occlusion-Trees/Textures/Birch_leaves.tga
  artifactKey: Guid(ee8680ca49b912746958dd16c5d23051) Importer(815301076,1909f56bfc062723c751e8b465ee728b)
Start importing Assets/FantasyEnvironments/Environments/Ambient-Occlusion-Trees/Textures/Birch_leaves.tga using Guid(ee8680ca49b912746958dd16c5d23051) Importer(815301076,1909f56bfc062723c751e8b465ee728b)  -> (artifact id: '6adfc31cabbbf8cefb0eee1c5f21f082') in 0.041706 seconds 
  Import took 0.049551 seconds .

========================================================================
Received Import Request.
  Time since last request: 0.000417 seconds.
  path: Assets/TextMesh Pro/Examples & Extras/Resources/Fonts & Materials/Anton SDF.asset
  artifactKey: Guid(8a89fa14b10d46a99122fd4f73fca9a2) Importer(815301076,1909f56bfc062723c751e8b465ee728b)
Start importing Assets/TextMesh Pro/Examples & Extras/Resources/Fonts & Materials/Anton SDF.asset using Guid(8a89fa14b10d46a99122fd4f73fca9a2) Importer(815301076,1909f56bfc062723c751e8b465ee728b)  -> (artifact id: '712cec39fbc2a66fb796f2f4fc1eaa72') in 0.049997 seconds 
  Import took 0.059959 seconds .

========================================================================
Received Import Request.
  Time since last request: 0.000505 seconds.
  path: Assets/FantasyEnvironments/Environments/Ambient-Occlusion-Trees/Textures/Birch_bark.tga
  artifactKey: Guid(81f3123f7bcaeec46bf9f13a1d5de5dc) Importer(815301076,1909f56bfc062723c751e8b465ee728b)
Start importing Assets/FantasyEnvironments/Environments/Ambient-Occlusion-Trees/Textures/Birch_bark.tga using Guid(81f3123f7bcaeec46bf9f13a1d5de5dc) Importer(815301076,1909f56bfc062723c751e8b465ee728b)  -> (artifact id: '928ce5dab3259c9bd19ce18eed59840c') in 0.033792 seconds 
  Import took 0.045578 seconds .

========================================================================
Received Import Request.
  Time since last request: 306.315793 seconds.
  path: Assets/Script/Scateboard.cs
  artifactKey: Guid(552f21c0d42b97a4b8c4b976ea5ca7f9) Importer(815301076,1909f56bfc062723c751e8b465ee728b)
Start importing Assets/Script/Scateboard.cs using Guid(552f21c0d42b97a4b8c4b976ea5ca7f9) Importer(815301076,1909f56bfc062723c751e8b465ee728b)  -> (artifact id: '874bf473fd7617be9c9565796b25672d') in 0.482011 seconds 
  Import took 0.502105 seconds .

========================================================================
Received Prepare
Registering precompiled user dll's ...
Registered in 0.015501 seconds.
Begin MonoManager ReloadAssembly
Native extension for WindowsStandalone target not found
Native extension for OSXStandalone target not found
Native extension for WebGL target not found
Refreshing native plugins compatible for Editor in 1.14 ms, found 3 plugins.
Preloading 0 native plugins for Editor in 0.00 ms.
Mono: successfully reloaded assembly
- Completed reload, in  3.388 seconds
Domain Reload Profiling:
	ReloadAssembly (3389ms)
		BeginReloadAssembly (432ms)
			ExecutionOrderSort (0ms)
			DisableScriptedObjects (9ms)
			BackupInstance (0ms)
			ReleaseScriptingObjects (0ms)
			CreateAndSetChildDomain (89ms)
		EndReloadAssembly (2768ms)
			LoadAssemblies (395ms)
			RebuildTransferFunctionScriptingTraits (0ms)
			SetupTypeCache (860ms)
			ReleaseScriptCaches (3ms)
			RebuildScriptCaches (124ms)
			SetupLoadedEditorAssemblies (1235ms)
				LogAssemblyErrors (0ms)
				InitializePlatformSupportModulesInManaged (14ms)
				SetLoadedEditorAssemblies (1ms)
				RefreshPlugins (1ms)
				BeforeProcessingInitializeOnLoad (214ms)
				ProcessInitializeOnLoadAttributes (954ms)
				ProcessInitializeOnLoadMethodAttributes (11ms)
				AfterProcessingInitializeOnLoad (38ms)
				EditorAssembliesLoaded (1ms)
			ExecutionOrderSort2 (0ms)
			AwakeInstancesAfterBackupRestoration (18ms)
Platform modules already initialized, skipping
Refreshing native plugins compatible for Editor in 1.76 ms, found 3 plugins.
Preloading 0 native plugins for Editor in 0.00 ms.
Unloading 1933 Unused Serialized files (Serialized files now loaded: 0)
System memory in use before: 107.0 MB.
System memory in use after: 107.1 MB.

Unloading 15 unused Assets to reduce memory usage. Loaded Objects now: 2468.
Total: 7.858100 ms (FindLiveObjects: 0.454200 ms CreateObjectMapping: 0.287900 ms MarkObjects: 7.070800 ms  DeleteObjects: 0.042300 ms)

AssetImportParameters requested are different than current active one (requested -> active):
  custom:framework-win-MediaFoundation: 216162199b28c13a410421893ffa2e32 -> 
  custom:video-decoder-ogg-theora: a1e56fd34408186e4bbccfd4996cb3dc -> 
  custom:container-muxer-webm: aa71ff27fc2769a1b78a27578f13a17b -> 
  custom:container-demuxer-webm: 4f35f7cbe854078d1ac9338744f61a02 -> 
  custom:container-demuxer-ogg: 62fdf1f143b41e24485cea50d1cbac27 -> 
  custom:video-encoder-webm-vp8: eb34c28f22e8b96e1ab97ce403110664 -> 
  custom:video-decoder-webm-vp8: 9c59270c3fd7afecdb556c50c9e8de78 -> 
  custom:audio-decoder-ogg-vorbis: bf7c407c2cedff20999df2af8eb42d56 -> 
  custom:audio-encoder-webm-vorbis: bf7c407c2cedff20999df2af8eb42d56 -> 
========================================================================
Received Prepare
Registering precompiled user dll's ...
Registered in 0.017777 seconds.
Begin MonoManager ReloadAssembly
Native extension for WindowsStandalone target not found
Native extension for OSXStandalone target not found
Native extension for WebGL target not found
Refreshing native plugins compatible for Editor in 0.98 ms, found 3 plugins.
Preloading 0 native plugins for Editor in 0.00 ms.
Mono: successfully reloaded assembly
- Completed reload, in  3.410 seconds
Domain Reload Profiling:
	ReloadAssembly (3411ms)
		BeginReloadAssembly (405ms)
			ExecutionOrderSort (0ms)
			DisableScriptedObjects (11ms)
			BackupInstance (0ms)
			ReleaseScriptingObjects (0ms)
			CreateAndSetChildDomain (81ms)
		EndReloadAssembly (2839ms)
			LoadAssemblies (373ms)
			RebuildTransferFunctionScriptingTraits (0ms)
			SetupTypeCache (819ms)
			ReleaseScriptCaches (2ms)
			RebuildScriptCaches (104ms)
			SetupLoadedEditorAssemblies (1357ms)
				LogAssemblyErrors (0ms)
				InitializePlatformSupportModulesInManaged (20ms)
				SetLoadedEditorAssemblies (1ms)
				RefreshPlugins (1ms)
				BeforeProcessingInitializeOnLoad (249ms)
				ProcessInitializeOnLoadAttributes (1037ms)
				ProcessInitializeOnLoadMethodAttributes (8ms)
				AfterProcessingInitializeOnLoad (40ms)
				EditorAssembliesLoaded (1ms)
			ExecutionOrderSort2 (0ms)
			AwakeInstancesAfterBackupRestoration (43ms)
Platform modules already initialized, skipping
Refreshing native plugins compatible for Editor in 1.73 ms, found 3 plugins.
Preloading 0 native plugins for Editor in 0.00 ms.
Unloading 1933 Unused Serialized files (Serialized files now loaded: 0)
System memory in use before: 107.0 MB.
System memory in use after: 107.1 MB.

Unloading 15 unused Assets to reduce memory usage. Loaded Objects now: 2470.
Total: 11.204200 ms (FindLiveObjects: 0.949200 ms CreateObjectMapping: 0.487700 ms MarkObjects: 9.735300 ms  DeleteObjects: 0.029400 ms)

AssetImportParameters requested are different than current active one (requested -> active):
  custom:framework-win-MediaFoundation: 216162199b28c13a410421893ffa2e32 -> 
  custom:video-decoder-ogg-theora: a1e56fd34408186e4bbccfd4996cb3dc -> 
  custom:container-muxer-webm: aa71ff27fc2769a1b78a27578f13a17b -> 
  custom:container-demuxer-webm: 4f35f7cbe854078d1ac9338744f61a02 -> 
  custom:container-demuxer-ogg: 62fdf1f143b41e24485cea50d1cbac27 -> 
  custom:video-encoder-webm-vp8: eb34c28f22e8b96e1ab97ce403110664 -> 
  custom:video-decoder-webm-vp8: 9c59270c3fd7afecdb556c50c9e8de78 -> 
  custom:audio-decoder-ogg-vorbis: bf7c407c2cedff20999df2af8eb42d56 -> 
  custom:audio-encoder-webm-vorbis: bf7c407c2cedff20999df2af8eb42d56 -> 
========================================================================
Received Prepare
Registering precompiled user dll's ...
Registered in 0.306669 seconds.
Begin MonoManager ReloadAssembly
Native extension for WindowsStandalone target not found
Native extension for OSXStandalone target not found
Native extension for WebGL target not found
Refreshing native plugins compatible for Editor in 2.34 ms, found 3 plugins.
Preloading 0 native plugins for Editor in 0.00 ms.
Mono: successfully reloaded assembly
- Completed reload, in  3.954 seconds
Domain Reload Profiling:
	ReloadAssembly (3958ms)
		BeginReloadAssembly (710ms)
			ExecutionOrderSort (0ms)
			DisableScriptedObjects (17ms)
			BackupInstance (0ms)
			ReleaseScriptingObjects (0ms)
			CreateAndSetChildDomain (123ms)
		EndReloadAssembly (3042ms)
			LoadAssemblies (635ms)
			RebuildTransferFunctionScriptingTraits (0ms)
			SetupTypeCache (889ms)
			ReleaseScriptCaches (2ms)
			RebuildScriptCaches (131ms)
			SetupLoadedEditorAssemblies (1425ms)
				LogAssemblyErrors (0ms)
				InitializePlatformSupportModulesInManaged (22ms)
				SetLoadedEditorAssemblies (2ms)
				RefreshPlugins (3ms)
				BeforeProcessingInitializeOnLoad (266ms)
				ProcessInitializeOnLoadAttributes (1083ms)
				ProcessInitializeOnLoadMethodAttributes (9ms)
				AfterProcessingInitializeOnLoad (39ms)
				EditorAssembliesLoaded (1ms)
			ExecutionOrderSort2 (0ms)
			AwakeInstancesAfterBackupRestoration (21ms)
Platform modules already initialized, skipping
Refreshing native plugins compatible for Editor in 1.32 ms, found 3 plugins.
Preloading 0 native plugins for Editor in 0.00 ms.
Unloading 1933 Unused Serialized files (Serialized files now loaded: 0)
System memory in use before: 107.0 MB.
System memory in use after: 107.1 MB.

Unloading 15 unused Assets to reduce memory usage. Loaded Objects now: 2472.
Total: 11.138500 ms (FindLiveObjects: 1.419500 ms CreateObjectMapping: 0.694000 ms MarkObjects: 8.966100 ms  DeleteObjects: 0.055100 ms)

AssetImportParameters requested are different than current active one (requested -> active):
  custom:framework-win-MediaFoundation: 216162199b28c13a410421893ffa2e32 -> 
  custom:video-decoder-ogg-theora: a1e56fd34408186e4bbccfd4996cb3dc -> 
  custom:container-muxer-webm: aa71ff27fc2769a1b78a27578f13a17b -> 
  custom:container-demuxer-webm: 4f35f7cbe854078d1ac9338744f61a02 -> 
  custom:container-demuxer-ogg: 62fdf1f143b41e24485cea50d1cbac27 -> 
  custom:video-encoder-webm-vp8: eb34c28f22e8b96e1ab97ce403110664 -> 
  custom:video-decoder-webm-vp8: 9c59270c3fd7afecdb556c50c9e8de78 -> 
  custom:audio-decoder-ogg-vorbis: bf7c407c2cedff20999df2af8eb42d56 -> 
  custom:audio-encoder-webm-vorbis: bf7c407c2cedff20999df2af8eb42d56 -> 
========================================================================
Received Prepare
Registering precompiled user dll's ...
Registered in 0.205521 seconds.
Begin MonoManager ReloadAssembly
Native extension for WindowsStandalone target not found
Native extension for OSXStandalone target not found
Native extension for WebGL target not found
Refreshing native plugins compatible for Editor in 3.04 ms, found 3 plugins.
Preloading 0 native plugins for Editor in 0.00 ms.
Mono: successfully reloaded assembly
- Completed reload, in 10.583 seconds
Domain Reload Profiling:
	ReloadAssembly (10584ms)
		BeginReloadAssembly (1829ms)
			ExecutionOrderSort (0ms)
			DisableScriptedObjects (56ms)
			BackupInstance (0ms)
			ReleaseScriptingObjects (0ms)
			CreateAndSetChildDomain (465ms)
		EndReloadAssembly (7324ms)
			LoadAssemblies (1906ms)
			RebuildTransferFunctionScriptingTraits (0ms)
			SetupTypeCache (2361ms)
			ReleaseScriptCaches (4ms)
			RebuildScriptCaches (253ms)
			SetupLoadedEditorAssemblies (2982ms)
				LogAssemblyErrors (0ms)
				InitializePlatformSupportModulesInManaged (40ms)
				SetLoadedEditorAssemblies (3ms)
				RefreshPlugins (4ms)
				BeforeProcessingInitializeOnLoad (508ms)
				ProcessInitializeOnLoadAttributes (2342ms)
				ProcessInitializeOnLoadMethodAttributes (18ms)
				AfterProcessingInitializeOnLoad (65ms)
				EditorAssembliesLoaded (1ms)
			ExecutionOrderSort2 (0ms)
			AwakeInstancesAfterBackupRestoration (30ms)
Platform modules already initialized, skipping
Refreshing native plugins compatible for Editor in 1.09 ms, found 3 plugins.
Preloading 0 native plugins for Editor in 0.00 ms.
Unloading 1933 Unused Serialized files (Serialized files now loaded: 0)
System memory in use before: 107.0 MB.
System memory in use after: 107.1 MB.

Unloading 15 unused Assets to reduce memory usage. Loaded Objects now: 2474.
Total: 16.984500 ms (FindLiveObjects: 2.042900 ms CreateObjectMapping: 0.530400 ms MarkObjects: 14.332600 ms  DeleteObjects: 0.072000 ms)

AssetImportParameters requested are different than current active one (requested -> active):
  custom:framework-win-MediaFoundation: 216162199b28c13a410421893ffa2e32 -> 
  custom:video-decoder-ogg-theora: a1e56fd34408186e4bbccfd4996cb3dc -> 
  custom:container-muxer-webm: aa71ff27fc2769a1b78a27578f13a17b -> 
  custom:container-demuxer-webm: 4f35f7cbe854078d1ac9338744f61a02 -> 
  custom:container-demuxer-ogg: 62fdf1f143b41e24485cea50d1cbac27 -> 
  custom:video-encoder-webm-vp8: eb34c28f22e8b96e1ab97ce403110664 -> 
  custom:video-decoder-webm-vp8: 9c59270c3fd7afecdb556c50c9e8de78 -> 
  custom:audio-decoder-ogg-vorbis: bf7c407c2cedff20999df2af8eb42d56 -> 
  custom:audio-encoder-webm-vorbis: bf7c407c2cedff20999df2af8eb42d56 -> 
========================================================================
Received Prepare
Registering precompiled user dll's ...
Registered in 0.010945 seconds.
Begin MonoManager ReloadAssembly
Native extension for WindowsStandalone target not found
Native extension for OSXStandalone target not found
Native extension for WebGL target not found
Refreshing native plugins compatible for Editor in 0.76 ms, found 3 plugins.
Preloading 0 native plugins for Editor in 0.00 ms.
Mono: successfully reloaded assembly
- Completed reload, in  2.945 seconds
Domain Reload Profiling:
	ReloadAssembly (2947ms)
		BeginReloadAssembly (443ms)
			ExecutionOrderSort (0ms)
			DisableScriptedObjects (12ms)
			BackupInstance (0ms)
			ReleaseScriptingObjects (0ms)
			CreateAndSetChildDomain (109ms)
		EndReloadAssembly (2313ms)
			LoadAssemblies (372ms)
			RebuildTransferFunctionScriptingTraits (0ms)
			SetupTypeCache (687ms)
			ReleaseScriptCaches (2ms)
			RebuildScriptCaches (91ms)
			SetupLoadedEditorAssemblies (1080ms)
				LogAssemblyErrors (0ms)
				InitializePlatformSupportModulesInManaged (16ms)
				SetLoadedEditorAssemblies (1ms)
				RefreshPlugins (1ms)
				BeforeProcessingInitializeOnLoad (189ms)
				ProcessInitializeOnLoadAttributes (835ms)
				ProcessInitializeOnLoadMethodAttributes (7ms)
				AfterProcessingInitializeOnLoad (31ms)
				EditorAssembliesLoaded (1ms)
			ExecutionOrderSort2 (0ms)
			AwakeInstancesAfterBackupRestoration (14ms)
Platform modules already initialized, skipping
Refreshing native plugins compatible for Editor in 1.41 ms, found 3 plugins.
Preloading 0 native plugins for Editor in 0.00 ms.
Unloading 1933 Unused Serialized files (Serialized files now loaded: 0)
System memory in use before: 107.0 MB.
System memory in use after: 107.1 MB.

Unloading 15 unused Assets to reduce memory usage. Loaded Objects now: 2476.
Total: 6.342600 ms (FindLiveObjects: 0.594800 ms CreateObjectMapping: 0.243000 ms MarkObjects: 5.465000 ms  DeleteObjects: 0.037700 ms)

AssetImportParameters requested are different than current active one (requested -> active):
  custom:framework-win-MediaFoundation: 216162199b28c13a410421893ffa2e32 -> 
  custom:video-decoder-ogg-theora: a1e56fd34408186e4bbccfd4996cb3dc -> 
  custom:container-muxer-webm: aa71ff27fc2769a1b78a27578f13a17b -> 
  custom:container-demuxer-webm: 4f35f7cbe854078d1ac9338744f61a02 -> 
  custom:container-demuxer-ogg: 62fdf1f143b41e24485cea50d1cbac27 -> 
  custom:video-encoder-webm-vp8: eb34c28f22e8b96e1ab97ce403110664 -> 
  custom:video-decoder-webm-vp8: 9c59270c3fd7afecdb556c50c9e8de78 -> 
  custom:audio-decoder-ogg-vorbis: bf7c407c2cedff20999df2af8eb42d56 -> 
  custom:audio-encoder-webm-vorbis: bf7c407c2cedff20999df2af8eb42d56 -> 
========================================================================
Received Prepare
Registering precompiled user dll's ...
Registered in 0.012526 seconds.
Begin MonoManager ReloadAssembly
Native extension for WindowsStandalone target not found
Native extension for OSXStandalone target not found
Native extension for WebGL target not found
Refreshing native plugins compatible for Editor in 0.78 ms, found 3 plugins.
Preloading 0 native plugins for Editor in 0.00 ms.
Mono: successfully reloaded assembly
- Completed reload, in  3.209 seconds
Domain Reload Profiling:
	ReloadAssembly (3210ms)
		BeginReloadAssembly (390ms)
			ExecutionOrderSort (0ms)
			DisableScriptedObjects (10ms)
			BackupInstance (0ms)
			ReleaseScriptingObjects (0ms)
			CreateAndSetChildDomain (87ms)
		EndReloadAssembly (2558ms)
			LoadAssemblies (349ms)
			RebuildTransferFunctionScriptingTraits (0ms)
			SetupTypeCache (828ms)
			ReleaseScriptCaches (2ms)
			RebuildScriptCaches (90ms)
			SetupLoadedEditorAssemblies (1174ms)
				LogAssemblyErrors (0ms)
				InitializePlatformSupportModulesInManaged (15ms)
				SetLoadedEditorAssemblies (1ms)
				RefreshPlugins (1ms)
				BeforeProcessingInitializeOnLoad (179ms)
				ProcessInitializeOnLoadAttributes (936ms)
				ProcessInitializeOnLoadMethodAttributes (8ms)
				AfterProcessingInitializeOnLoad (34ms)
				EditorAssembliesLoaded (1ms)
			ExecutionOrderSort2 (0ms)
			AwakeInstancesAfterBackupRestoration (13ms)
Platform modules already initialized, skipping
Refreshing native plugins compatible for Editor in 1.01 ms, found 3 plugins.
Preloading 0 native plugins for Editor in 0.00 ms.
Unloading 1933 Unused Serialized files (Serialized files now loaded: 0)
System memory in use before: 107.0 MB.
System memory in use after: 107.1 MB.

Unloading 15 unused Assets to reduce memory usage. Loaded Objects now: 2478.
Total: 10.886200 ms (FindLiveObjects: 0.879500 ms CreateObjectMapping: 0.460400 ms MarkObjects: 9.498200 ms  DeleteObjects: 0.045500 ms)

AssetImportParameters requested are different than current active one (requested -> active):
  custom:framework-win-MediaFoundation: 216162199b28c13a410421893ffa2e32 -> 
  custom:video-decoder-ogg-theora: a1e56fd34408186e4bbccfd4996cb3dc -> 
  custom:container-muxer-webm: aa71ff27fc2769a1b78a27578f13a17b -> 
  custom:container-demuxer-webm: 4f35f7cbe854078d1ac9338744f61a02 -> 
  custom:container-demuxer-ogg: 62fdf1f143b41e24485cea50d1cbac27 -> 
  custom:video-encoder-webm-vp8: eb34c28f22e8b96e1ab97ce403110664 -> 
  custom:video-decoder-webm-vp8: 9c59270c3fd7afecdb556c50c9e8de78 -> 
  custom:audio-decoder-ogg-vorbis: bf7c407c2cedff20999df2af8eb42d56 -> 
  custom:audio-encoder-webm-vorbis: bf7c407c2cedff20999df2af8eb42d56 -> 
========================================================================
Received Prepare
Registering precompiled user dll's ...
Registered in 0.016880 seconds.
Begin MonoManager ReloadAssembly
Native extension for WindowsStandalone target not found
Native extension for OSXStandalone target not found
Native extension for WebGL target not found
Refreshing native plugins compatible for Editor in 0.78 ms, found 3 plugins.
Preloading 0 native plugins for Editor in 0.00 ms.
Mono: successfully reloaded assembly
- Completed reload, in  3.925 seconds
Domain Reload Profiling:
	ReloadAssembly (3926ms)
		BeginReloadAssembly (562ms)
			ExecutionOrderSort (0ms)
			DisableScriptedObjects (15ms)
			BackupInstance (0ms)
			ReleaseScriptingObjects (0ms)
			CreateAndSetChildDomain (118ms)
		EndReloadAssembly (3149ms)
			LoadAssemblies (511ms)
			RebuildTransferFunctionScriptingTraits (0ms)
			SetupTypeCache (908ms)
			ReleaseScriptCaches (2ms)
			RebuildScriptCaches (130ms)
			SetupLoadedEditorAssemblies (1531ms)
				LogAssemblyErrors (0ms)
				InitializePlatformSupportModulesInManaged (19ms)
				SetLoadedEditorAssemblies (2ms)
				RefreshPlugins (1ms)
				BeforeProcessingInitializeOnLoad (235ms)
				ProcessInitializeOnLoadAttributes (1229ms)
				ProcessInitializeOnLoadMethodAttributes (9ms)
				AfterProcessingInitializeOnLoad (36ms)
				EditorAssembliesLoaded (1ms)
			ExecutionOrderSort2 (0ms)
			AwakeInstancesAfterBackupRestoration (16ms)
Platform modules already initialized, skipping
Refreshing native plugins compatible for Editor in 2.07 ms, found 3 plugins.
Preloading 0 native plugins for Editor in 0.00 ms.
Unloading 1933 Unused Serialized files (Serialized files now loaded: 0)
System memory in use before: 107.0 MB.
System memory in use after: 107.2 MB.

Unloading 15 unused Assets to reduce memory usage. Loaded Objects now: 2480.
Total: 5.825900 ms (FindLiveObjects: 0.344800 ms CreateObjectMapping: 0.149500 ms MarkObjects: 5.294800 ms  DeleteObjects: 0.034700 ms)

AssetImportParameters requested are different than current active one (requested -> active):
  custom:framework-win-MediaFoundation: 216162199b28c13a410421893ffa2e32 -> 
  custom:video-decoder-ogg-theora: a1e56fd34408186e4bbccfd4996cb3dc -> 
  custom:container-muxer-webm: aa71ff27fc2769a1b78a27578f13a17b -> 
  custom:container-demuxer-webm: 4f35f7cbe854078d1ac9338744f61a02 -> 
  custom:container-demuxer-ogg: 62fdf1f143b41e24485cea50d1cbac27 -> 
  custom:video-encoder-webm-vp8: eb34c28f22e8b96e1ab97ce403110664 -> 
  custom:video-decoder-webm-vp8: 9c59270c3fd7afecdb556c50c9e8de78 -> 
  custom:audio-decoder-ogg-vorbis: bf7c407c2cedff20999df2af8eb42d56 -> 
  custom:audio-encoder-webm-vorbis: bf7c407c2cedff20999df2af8eb42d56 -> 
========================================================================
Received Prepare
Registering precompiled user dll's ...
Registered in 0.012979 seconds.
Begin MonoManager ReloadAssembly
Native extension for WindowsStandalone target not found
Native extension for OSXStandalone target not found
Native extension for WebGL target not found
Refreshing native plugins compatible for Editor in 1.34 ms, found 3 plugins.
Preloading 0 native plugins for Editor in 0.00 ms.
Mono: successfully reloaded assembly
- Completed reload, in  3.268 seconds
Domain Reload Profiling:
	ReloadAssembly (3269ms)
		BeginReloadAssembly (562ms)
			ExecutionOrderSort (0ms)
			DisableScriptedObjects (13ms)
			BackupInstance (0ms)
			ReleaseScriptingObjects (0ms)
			CreateAndSetChildDomain (84ms)
		EndReloadAssembly (2501ms)
			LoadAssemblies (513ms)
			RebuildTransferFunctionScriptingTraits (0ms)
			SetupTypeCache (763ms)
			ReleaseScriptCaches (1ms)
			RebuildScriptCaches (105ms)
			SetupLoadedEditorAssemblies (1175ms)
				LogAssemblyErrors (0ms)
				InitializePlatformSupportModulesInManaged (16ms)
				SetLoadedEditorAssemblies (2ms)
				RefreshPlugins (2ms)
				BeforeProcessingInitializeOnLoad (212ms)
				ProcessInitializeOnLoadAttributes (903ms)
				ProcessInitializeOnLoadMethodAttributes (7ms)
				AfterProcessingInitializeOnLoad (33ms)
				EditorAssembliesLoaded (1ms)
			ExecutionOrderSort2 (0ms)
			AwakeInstancesAfterBackupRestoration (16ms)
Platform modules already initialized, skipping
Refreshing native plugins compatible for Editor in 0.81 ms, found 3 plugins.
Preloading 0 native plugins for Editor in 0.00 ms.
Unloading 1933 Unused Serialized files (Serialized files now loaded: 0)
System memory in use before: 107.0 MB.
System memory in use after: 107.2 MB.

Unloading 15 unused Assets to reduce memory usage. Loaded Objects now: 2482.
Total: 9.270400 ms (FindLiveObjects: 0.369800 ms CreateObjectMapping: 0.170500 ms MarkObjects: 8.682800 ms  DeleteObjects: 0.044000 ms)

AssetImportParameters requested are different than current active one (requested -> active):
  custom:framework-win-MediaFoundation: 216162199b28c13a410421893ffa2e32 -> 
  custom:video-decoder-ogg-theora: a1e56fd34408186e4bbccfd4996cb3dc -> 
  custom:container-muxer-webm: aa71ff27fc2769a1b78a27578f13a17b -> 
  custom:container-demuxer-webm: 4f35f7cbe854078d1ac9338744f61a02 -> 
  custom:container-demuxer-ogg: 62fdf1f143b41e24485cea50d1cbac27 -> 
  custom:video-encoder-webm-vp8: eb34c28f22e8b96e1ab97ce403110664 -> 
  custom:video-decoder-webm-vp8: 9c59270c3fd7afecdb556c50c9e8de78 -> 
  custom:audio-decoder-ogg-vorbis: bf7c407c2cedff20999df2af8eb42d56 -> 
  custom:audio-encoder-webm-vorbis: bf7c407c2cedff20999df2af8eb42d56 -> 
========================================================================
Received Prepare
Registering precompiled user dll's ...
Registered in 0.023384 seconds.
Begin MonoManager ReloadAssembly
Native extension for WindowsStandalone target not found
Native extension for OSXStandalone target not found
Native extension for WebGL target not found
Refreshing native plugins compatible for Editor in 0.99 ms, found 3 plugins.
Preloading 0 native plugins for Editor in 0.00 ms.
Mono: successfully reloaded assembly
- Completed reload, in  3.547 seconds
Domain Reload Profiling:
	ReloadAssembly (3548ms)
		BeginReloadAssembly (475ms)
			ExecutionOrderSort (0ms)
			DisableScriptedObjects (13ms)
			BackupInstance (0ms)
			ReleaseScriptingObjects (0ms)
			CreateAndSetChildDomain (89ms)
		EndReloadAssembly (2854ms)
			LoadAssemblies (443ms)
			RebuildTransferFunctionScriptingTraits (0ms)
			SetupTypeCache (729ms)
			ReleaseScriptCaches (2ms)
			RebuildScriptCaches (97ms)
			SetupLoadedEditorAssemblies (1516ms)
				LogAssemblyErrors (0ms)
				InitializePlatformSupportModulesInManaged (19ms)
				SetLoadedEditorAssemblies (1ms)
				RefreshPlugins (1ms)
				BeforeProcessingInitializeOnLoad (203ms)
				ProcessInitializeOnLoadAttributes (1250ms)
				ProcessInitializeOnLoadMethodAttributes (8ms)
				AfterProcessingInitializeOnLoad (33ms)
				EditorAssembliesLoaded (1ms)
			ExecutionOrderSort2 (0ms)
			AwakeInstancesAfterBackupRestoration (16ms)
Platform modules already initialized, skipping
Refreshing native plugins compatible for Editor in 0.89 ms, found 3 plugins.
Preloading 0 native plugins for Editor in 0.00 ms.
Unloading 1933 Unused Serialized files (Serialized files now loaded: 0)
System memory in use before: 107.0 MB.
System memory in use after: 107.2 MB.

Unloading 15 unused Assets to reduce memory usage. Loaded Objects now: 2484.
Total: 8.412700 ms (FindLiveObjects: 0.548700 ms CreateObjectMapping: 0.205200 ms MarkObjects: 7.611700 ms  DeleteObjects: 0.043200 ms)

AssetImportParameters requested are different than current active one (requested -> active):
  custom:framework-win-MediaFoundation: 216162199b28c13a410421893ffa2e32 -> 
  custom:video-decoder-ogg-theora: a1e56fd34408186e4bbccfd4996cb3dc -> 
  custom:container-muxer-webm: aa71ff27fc2769a1b78a27578f13a17b -> 
  custom:container-demuxer-webm: 4f35f7cbe854078d1ac9338744f61a02 -> 
  custom:container-demuxer-ogg: 62fdf1f143b41e24485cea50d1cbac27 -> 
  custom:video-encoder-webm-vp8: eb34c28f22e8b96e1ab97ce403110664 -> 
  custom:video-decoder-webm-vp8: 9c59270c3fd7afecdb556c50c9e8de78 -> 
  custom:audio-decoder-ogg-vorbis: bf7c407c2cedff20999df2af8eb42d56 -> 
  custom:audio-encoder-webm-vorbis: bf7c407c2cedff20999df2af8eb42d56 -> 
========================================================================
Received Prepare
Registering precompiled user dll's ...
Registered in 0.011856 seconds.
Begin MonoManager ReloadAssembly
Native extension for WindowsStandalone target not found
Native extension for OSXStandalone target not found
Native extension for WebGL target not found
Refreshing native plugins compatible for Editor in 1.81 ms, found 3 plugins.
Preloading 0 native plugins for Editor in 0.00 ms.
Mono: successfully reloaded assembly
- Completed reload, in  4.769 seconds
Domain Reload Profiling:
	ReloadAssembly (4770ms)
		BeginReloadAssembly (543ms)
			ExecutionOrderSort (0ms)
			DisableScriptedObjects (19ms)
			BackupInstance (0ms)
			ReleaseScriptingObjects (0ms)
			CreateAndSetChildDomain (100ms)
		EndReloadAssembly (4022ms)
			LoadAssemblies (488ms)
			RebuildTransferFunctionScriptingTraits (0ms)
			SetupTypeCache (936ms)
			ReleaseScriptCaches (2ms)
			RebuildScriptCaches (126ms)
			SetupLoadedEditorAssemblies (2352ms)
				LogAssemblyErrors (0ms)
				InitializePlatformSupportModulesInManaged (20ms)
				SetLoadedEditorAssemblies (2ms)
				RefreshPlugins (2ms)
				BeforeProcessingInitializeOnLoad (267ms)
				ProcessInitializeOnLoadAttributes (1953ms)
				ProcessInitializeOnLoadMethodAttributes (15ms)
				AfterProcessingInitializeOnLoad (92ms)
				EditorAssembliesLoaded (1ms)
			ExecutionOrderSort2 (0ms)
			AwakeInstancesAfterBackupRestoration (57ms)
Platform modules already initialized, skipping
Refreshing native plugins compatible for Editor in 1.63 ms, found 3 plugins.
Preloading 0 native plugins for Editor in 0.00 ms.
Unloading 1933 Unused Serialized files (Serialized files now loaded: 0)
System memory in use before: 107.1 MB.
System memory in use after: 107.2 MB.

Unloading 15 unused Assets to reduce memory usage. Loaded Objects now: 2486.
Total: 7.129300 ms (FindLiveObjects: 0.651700 ms CreateObjectMapping: 0.187600 ms MarkObjects: 6.251200 ms  DeleteObjects: 0.035500 ms)

AssetImportParameters requested are different than current active one (requested -> active):
  custom:framework-win-MediaFoundation: 216162199b28c13a410421893ffa2e32 -> 
  custom:video-decoder-ogg-theora: a1e56fd34408186e4bbccfd4996cb3dc -> 
  custom:container-muxer-webm: aa71ff27fc2769a1b78a27578f13a17b -> 
  custom:container-demuxer-webm: 4f35f7cbe854078d1ac9338744f61a02 -> 
  custom:container-demuxer-ogg: 62fdf1f143b41e24485cea50d1cbac27 -> 
  custom:video-encoder-webm-vp8: eb34c28f22e8b96e1ab97ce403110664 -> 
  custom:video-decoder-webm-vp8: 9c59270c3fd7afecdb556c50c9e8de78 -> 
  custom:audio-decoder-ogg-vorbis: bf7c407c2cedff20999df2af8eb42d56 -> 
  custom:audio-encoder-webm-vorbis: bf7c407c2cedff20999df2af8eb42d56 -> 
========================================================================
Received Prepare
Registering precompiled user dll's ...
Registered in 0.013664 seconds.
Begin MonoManager ReloadAssembly
Native extension for WindowsStandalone target not found
Native extension for OSXStandalone target not found
Native extension for WebGL target not found
Refreshing native plugins compatible for Editor in 0.70 ms, found 3 plugins.
Preloading 0 native plugins for Editor in 0.00 ms.
Mono: successfully reloaded assembly
- Completed reload, in  3.699 seconds
Domain Reload Profiling:
	ReloadAssembly (3700ms)
		BeginReloadAssembly (448ms)
			ExecutionOrderSort (0ms)
			DisableScriptedObjects (16ms)
			BackupInstance (0ms)
			ReleaseScriptingObjects (0ms)
			CreateAndSetChildDomain (75ms)
		EndReloadAssembly (3018ms)
			LoadAssemblies (407ms)
			RebuildTransferFunctionScriptingTraits (0ms)
			SetupTypeCache (964ms)
			ReleaseScriptCaches (2ms)
			RebuildScriptCaches (113ms)
			SetupLoadedEditorAssemblies (1378ms)
				LogAssemblyErrors (0ms)
				InitializePlatformSupportModulesInManaged (16ms)
				SetLoadedEditorAssemblies (1ms)
				RefreshPlugins (1ms)
				BeforeProcessingInitializeOnLoad (248ms)
				ProcessInitializeOnLoadAttributes (1064ms)
				ProcessInitializeOnLoadMethodAttributes (9ms)
				AfterProcessingInitializeOnLoad (38ms)
				EditorAssembliesLoaded (1ms)
			ExecutionOrderSort2 (0ms)
			AwakeInstancesAfterBackupRestoration (21ms)
Platform modules already initialized, skipping
Refreshing native plugins compatible for Editor in 1.41 ms, found 3 plugins.
Preloading 0 native plugins for Editor in 0.00 ms.
Unloading 1933 Unused Serialized files (Serialized files now loaded: 0)
System memory in use before: 107.1 MB.
System memory in use after: 107.2 MB.

Unloading 15 unused Assets to reduce memory usage. Loaded Objects now: 2488.
Total: 8.314000 ms (FindLiveObjects: 0.448100 ms CreateObjectMapping: 0.233200 ms MarkObjects: 7.585800 ms  DeleteObjects: 0.044500 ms)

AssetImportParameters requested are different than current active one (requested -> active):
  custom:framework-win-MediaFoundation: 216162199b28c13a410421893ffa2e32 -> 
  custom:video-decoder-ogg-theora: a1e56fd34408186e4bbccfd4996cb3dc -> 
  custom:container-muxer-webm: aa71ff27fc2769a1b78a27578f13a17b -> 
  custom:container-demuxer-webm: 4f35f7cbe854078d1ac9338744f61a02 -> 
  custom:container-demuxer-ogg: 62fdf1f143b41e24485cea50d1cbac27 -> 
  custom:video-encoder-webm-vp8: eb34c28f22e8b96e1ab97ce403110664 -> 
  custom:video-decoder-webm-vp8: 9c59270c3fd7afecdb556c50c9e8de78 -> 
  custom:audio-decoder-ogg-vorbis: bf7c407c2cedff20999df2af8eb42d56 -> 
  custom:audio-encoder-webm-vorbis: bf7c407c2cedff20999df2af8eb42d56 -> 
AssetImportWorkerClient::OnTransportError - code=2 error=End of file
